<?xml version="1.0" encoding="UTF-8"?>
<testsuite xmlns:xsi="http://www.w3.org/2001/XMLSchema-instance" xsi:noNamespaceSchemaLocation="https://maven.apache.org/surefire/maven-surefire-plugin/xsd/surefire-test-report.xsd" name="com.url.extractor.UrlExtractorApplicationTests" time="10.541" tests="1" errors="0" skipped="0" failures="0">
  <properties>
    <property name="java.specification.version" value="17"/>
    <property name="sun.cpu.isalist" value="amd64"/>
    <property name="sun.jnu.encoding" value="Cp1252"/>
    <property name="java.class.path" value="D:\Code\Project\SpringBoot\urlExtractor\target\test-classes;D:\Code\Project\SpringBoot\urlExtractor\target\classes;C:\Users\susha\.m2\repository\com\fasterxml\jackson\core\jackson-databind\2.13.0\jackson-databind-2.13.0.jar;C:\Users\susha\.m2\repository\com\fasterxml\jackson\core\jackson-annotations\2.14.3\jackson-annotations-2.14.3.jar;C:\Users\susha\.m2\repository\com\fasterxml\jackson\core\jackson-core\2.14.3\jackson-core-2.14.3.jar;C:\Users\susha\.m2\repository\com\squareup\retrofit2\converter-gson\2.9.0\converter-gson-2.9.0.jar;C:\Users\susha\.m2\repository\com\squareup\retrofit2\retrofit\2.9.0\retrofit-2.9.0.jar;C:\Users\susha\.m2\repository\com\squareup\okhttp3\okhttp\4.10.0\okhttp-4.10.0.jar;C:\Users\susha\.m2\repository\com\squareup\okio\okio-jvm\3.0.0\okio-jvm-3.0.0.jar;C:\Users\susha\.m2\repository\org\jetbrains\kotlin\kotlin-stdlib-jdk8\1.7.22\kotlin-stdlib-jdk8-1.7.22.jar;C:\Users\susha\.m2\repository\org\jetbrains\kotlin\kotlin-stdlib-jdk7\1.7.22\kotlin-stdlib-jdk7-1.7.22.jar;C:\Users\susha\.m2\repository\org\jetbrains\kotlin\kotlin-stdlib-common\1.7.22\kotlin-stdlib-common-1.7.22.jar;C:\Users\susha\.m2\repository\org\jetbrains\kotlin\kotlin-stdlib\1.7.22\kotlin-stdlib-1.7.22.jar;C:\Users\susha\.m2\repository\org\jetbrains\annotations\13.0\annotations-13.0.jar;C:\Users\susha\.m2\repository\com\google\code\gson\gson\2.9.1\gson-2.9.1.jar;C:\Users\susha\.m2\repository\org\springframework\boot\spring-boot-starter-thymeleaf\3.0.7\spring-boot-starter-thymeleaf-3.0.7.jar;C:\Users\susha\.m2\repository\org\springframework\boot\spring-boot-starter\3.0.7\spring-boot-starter-3.0.7.jar;C:\Users\susha\.m2\repository\org\springframework\boot\spring-boot\3.0.7\spring-boot-3.0.7.jar;C:\Users\susha\.m2\repository\org\springframework\boot\spring-boot-autoconfigure\3.0.7\spring-boot-autoconfigure-3.0.7.jar;C:\Users\susha\.m2\repository\org\springframework\boot\spring-boot-starter-logging\3.0.7\spring-boot-starter-logging-3.0.7.jar;C:\Users\susha\.m2\repository\ch\qos\logback\logback-classic\1.4.7\logback-classic-1.4.7.jar;C:\Users\susha\.m2\repository\ch\qos\logback\logback-core\1.4.7\logback-core-1.4.7.jar;C:\Users\susha\.m2\repository\org\apache\logging\log4j\log4j-to-slf4j\2.19.0\log4j-to-slf4j-2.19.0.jar;C:\Users\susha\.m2\repository\org\apache\logging\log4j\log4j-api\2.19.0\log4j-api-2.19.0.jar;C:\Users\susha\.m2\repository\org\slf4j\jul-to-slf4j\2.0.7\jul-to-slf4j-2.0.7.jar;C:\Users\susha\.m2\repository\jakarta\annotation\jakarta.annotation-api\2.1.1\jakarta.annotation-api-2.1.1.jar;C:\Users\susha\.m2\repository\org\yaml\snakeyaml\1.33\snakeyaml-1.33.jar;C:\Users\susha\.m2\repository\org\thymeleaf\thymeleaf-spring6\3.1.1.RELEASE\thymeleaf-spring6-3.1.1.RELEASE.jar;C:\Users\susha\.m2\repository\org\thymeleaf\thymeleaf\3.1.1.RELEASE\thymeleaf-3.1.1.RELEASE.jar;C:\Users\susha\.m2\repository\org\attoparser\attoparser\2.0.6.RELEASE\attoparser-2.0.6.RELEASE.jar;C:\Users\susha\.m2\repository\org\unbescape\unbescape\1.1.6.RELEASE\unbescape-1.1.6.RELEASE.jar;C:\Users\susha\.m2\repository\org\slf4j\slf4j-api\2.0.7\slf4j-api-2.0.7.jar;C:\Users\susha\.m2\repository\org\springframework\boot\spring-boot-starter-web\3.1.0\spring-boot-starter-web-3.1.0.jar;C:\Users\susha\.m2\repository\org\springframework\boot\spring-boot-starter-json\3.0.7\spring-boot-starter-json-3.0.7.jar;C:\Users\susha\.m2\repository\com\fasterxml\jackson\datatype\jackson-datatype-jdk8\2.14.3\jackson-datatype-jdk8-2.14.3.jar;C:\Users\susha\.m2\repository\com\fasterxml\jackson\datatype\jackson-datatype-jsr310\2.14.3\jackson-datatype-jsr310-2.14.3.jar;C:\Users\susha\.m2\repository\com\fasterxml\jackson\module\jackson-module-parameter-names\2.14.3\jackson-module-parameter-names-2.14.3.jar;C:\Users\susha\.m2\repository\org\springframework\boot\spring-boot-starter-tomcat\3.0.7\spring-boot-starter-tomcat-3.0.7.jar;C:\Users\susha\.m2\repository\org\apache\tomcat\embed\tomcat-embed-core\10.1.8\tomcat-embed-core-10.1.8.jar;C:\Users\susha\.m2\repository\org\apache\tomcat\embed\tomcat-embed-el\10.1.8\tomcat-embed-el-10.1.8.jar;C:\Users\susha\.m2\repository\org\apache\tomcat\embed\tomcat-embed-websocket\10.1.8\tomcat-embed-websocket-10.1.8.jar;C:\Users\susha\.m2\repository\org\springframework\spring-web\6.0.9\spring-web-6.0.9.jar;C:\Users\susha\.m2\repository\org\springframework\spring-beans\6.0.9\spring-beans-6.0.9.jar;C:\Users\susha\.m2\repository\io\micrometer\micrometer-observation\1.10.7\micrometer-observation-1.10.7.jar;C:\Users\susha\.m2\repository\io\micrometer\micrometer-commons\1.10.7\micrometer-commons-1.10.7.jar;C:\Users\susha\.m2\repository\org\springframework\spring-webmvc\6.0.9\spring-webmvc-6.0.9.jar;C:\Users\susha\.m2\repository\org\springframework\spring-aop\6.0.9\spring-aop-6.0.9.jar;C:\Users\susha\.m2\repository\org\springframework\spring-context\6.0.9\spring-context-6.0.9.jar;C:\Users\susha\.m2\repository\org\springframework\spring-expression\6.0.9\spring-expression-6.0.9.jar;C:\Users\susha\.m2\repository\org\springframework\boot\spring-boot-starter-test\3.0.7\spring-boot-starter-test-3.0.7.jar;C:\Users\susha\.m2\repository\org\springframework\boot\spring-boot-test\3.0.7\spring-boot-test-3.0.7.jar;C:\Users\susha\.m2\repository\org\springframework\boot\spring-boot-test-autoconfigure\3.0.7\spring-boot-test-autoconfigure-3.0.7.jar;C:\Users\susha\.m2\repository\com\jayway\jsonpath\json-path\2.7.0\json-path-2.7.0.jar;C:\Users\susha\.m2\repository\net\minidev\json-smart\2.4.11\json-smart-2.4.11.jar;C:\Users\susha\.m2\repository\net\minidev\accessors-smart\2.4.11\accessors-smart-2.4.11.jar;C:\Users\susha\.m2\repository\org\ow2\asm\asm\9.3\asm-9.3.jar;C:\Users\susha\.m2\repository\jakarta\xml\bind\jakarta.xml.bind-api\4.0.0\jakarta.xml.bind-api-4.0.0.jar;C:\Users\susha\.m2\repository\jakarta\activation\jakarta.activation-api\2.1.2\jakarta.activation-api-2.1.2.jar;C:\Users\susha\.m2\repository\org\assertj\assertj-core\3.23.1\assertj-core-3.23.1.jar;C:\Users\susha\.m2\repository\net\bytebuddy\byte-buddy\1.12.23\byte-buddy-1.12.23.jar;C:\Users\susha\.m2\repository\org\hamcrest\hamcrest\2.2\hamcrest-2.2.jar;C:\Users\susha\.m2\repository\org\junit\jupiter\junit-jupiter\5.9.3\junit-jupiter-5.9.3.jar;C:\Users\susha\.m2\repository\org\junit\jupiter\junit-jupiter-api\5.9.3\junit-jupiter-api-5.9.3.jar;C:\Users\susha\.m2\repository\org\opentest4j\opentest4j\1.2.0\opentest4j-1.2.0.jar;C:\Users\susha\.m2\repository\org\junit\platform\junit-platform-commons\1.9.3\junit-platform-commons-1.9.3.jar;C:\Users\susha\.m2\repository\org\apiguardian\apiguardian-api\1.1.2\apiguardian-api-1.1.2.jar;C:\Users\susha\.m2\repository\org\junit\jupiter\junit-jupiter-params\5.9.3\junit-jupiter-params-5.9.3.jar;C:\Users\susha\.m2\repository\org\junit\jupiter\junit-jupiter-engine\5.9.3\junit-jupiter-engine-5.9.3.jar;C:\Users\susha\.m2\repository\org\junit\platform\junit-platform-engine\1.9.3\junit-platform-engine-1.9.3.jar;C:\Users\susha\.m2\repository\org\mockito\mockito-core\4.8.1\mockito-core-4.8.1.jar;C:\Users\susha\.m2\repository\net\bytebuddy\byte-buddy-agent\1.12.23\byte-buddy-agent-1.12.23.jar;C:\Users\susha\.m2\repository\org\objenesis\objenesis\3.2\objenesis-3.2.jar;C:\Users\susha\.m2\repository\org\mockito\mockito-junit-jupiter\4.8.1\mockito-junit-jupiter-4.8.1.jar;C:\Users\susha\.m2\repository\org\skyscreamer\jsonassert\1.5.1\jsonassert-1.5.1.jar;C:\Users\susha\.m2\repository\com\vaadin\external\google\android-json\0.0.20131108.vaadin1\android-json-0.0.20131108.vaadin1.jar;C:\Users\susha\.m2\repository\org\springframework\spring-core\6.0.9\spring-core-6.0.9.jar;C:\Users\susha\.m2\repository\org\springframework\spring-jcl\6.0.9\spring-jcl-6.0.9.jar;C:\Users\susha\.m2\repository\org\springframework\spring-test\6.0.9\spring-test-6.0.9.jar;C:\Users\susha\.m2\repository\org\xmlunit\xmlunit-core\2.9.1\xmlunit-core-2.9.1.jar;C:\Users\susha\.m2\repository\org\projectlombok\lombok\1.18.26\lombok-1.18.26.jar;C:\Users\susha\.m2\repository\net\sourceforge\htmlunit\htmlunit\2.65.1\htmlunit-2.65.1.jar;C:\Users\susha\.m2\repository\org\apache\httpcomponents\httpmime\4.5.14\httpmime-4.5.14.jar;C:\Users\susha\.m2\repository\org\apache\httpcomponents\httpclient\4.5.14\httpclient-4.5.14.jar;C:\Users\susha\.m2\repository\org\apache\httpcomponents\httpcore\4.4.16\httpcore-4.4.16.jar;C:\Users\susha\.m2\repository\net\sourceforge\htmlunit\htmlunit-core-js\2.65.0\htmlunit-core-js-2.65.0.jar;C:\Users\susha\.m2\repository\net\sourceforge\htmlunit\neko-htmlunit\2.65.0\neko-htmlunit-2.65.0.jar;C:\Users\susha\.m2\repository\xerces\xercesImpl\2.12.2\xercesImpl-2.12.2.jar;C:\Users\susha\.m2\repository\xml-apis\xml-apis\1.4.01\xml-apis-1.4.01.jar;C:\Users\susha\.m2\repository\net\sourceforge\htmlunit\htmlunit-cssparser\1.12.0\htmlunit-cssparser-1.12.0.jar;C:\Users\susha\.m2\repository\net\sourceforge\htmlunit\htmlunit-xpath\2.65.0\htmlunit-xpath-2.65.0.jar;C:\Users\susha\.m2\repository\org\apache\commons\commons-lang3\3.12.0\commons-lang3-3.12.0.jar;C:\Users\susha\.m2\repository\org\apache\commons\commons-text\1.9\commons-text-1.9.jar;C:\Users\susha\.m2\repository\commons-io\commons-io\2.10.0\commons-io-2.10.0.jar;C:\Users\susha\.m2\repository\commons-net\commons-net\3.8.0\commons-net-3.8.0.jar;C:\Users\susha\.m2\repository\commons-codec\commons-codec\1.15\commons-codec-1.15.jar;C:\Users\susha\.m2\repository\org\brotli\dec\0.1.2\dec-0.1.2.jar;C:\Users\susha\.m2\repository\com\shapesecurity\salvation2\3.0.1\salvation2-3.0.1.jar;C:\Users\susha\.m2\repository\org\eclipse\jetty\websocket\websocket-client\9.4.49.v20220914\websocket-client-9.4.49.v20220914.jar;C:\Users\susha\.m2\repository\org\eclipse\jetty\jetty-client\11.0.15\jetty-client-11.0.15.jar;C:\Users\susha\.m2\repository\org\eclipse\jetty\jetty-http\11.0.15\jetty-http-11.0.15.jar;C:\Users\susha\.m2\repository\org\eclipse\jetty\jetty-alpn-client\11.0.15\jetty-alpn-client-11.0.15.jar;C:\Users\susha\.m2\repository\org\eclipse\jetty\jetty-util\11.0.15\jetty-util-11.0.15.jar;C:\Users\susha\.m2\repository\org\eclipse\jetty\jetty-io\11.0.15\jetty-io-11.0.15.jar;C:\Users\susha\.m2\repository\org\eclipse\jetty\websocket\websocket-common\9.4.49.v20220914\websocket-common-9.4.49.v20220914.jar;C:\Users\susha\.m2\repository\org\eclipse\jetty\websocket\websocket-api\9.4.49.v20220914\websocket-api-9.4.49.v20220914.jar;"/>
    <property name="java.vm.vendor" value="Oracle Corporation"/>
    <property name="sun.arch.data.model" value="64"/>
    <property name="user.variant" value=""/>
    <property name="java.vendor.url" value="https://java.oracle.com/"/>
    <property name="user.timezone" value="Asia/Calcutta"/>
    <property name="os.name" value="Windows 11"/>
    <property name="java.vm.specification.version" value="17"/>
    <property name="sun.java.launcher" value="SUN_STANDARD"/>
    <property name="user.country" value="IN"/>
    <property name="sun.boot.library.path" value="C:\Program Files\Java\jdk-17\bin"/>
    <property name="sun.java.command" value="C:\Users\susha\AppData\Local\Temp\surefire1184519343449227457\surefirebooter2552989541469221224.jar C:\Users\susha\AppData\Local\Temp\surefire1184519343449227457 2023-09-23T17-57-11_994-jvmRun1 surefire12204688218295306490tmp surefire_015964477322927750042tmp"/>
    <property name="jdk.debug" value="release"/>
    <property name="surefire.test.class.path" value="D:\Code\Project\SpringBoot\urlExtractor\target\test-classes;D:\Code\Project\SpringBoot\urlExtractor\target\classes;C:\Users\susha\.m2\repository\com\fasterxml\jackson\core\jackson-databind\2.13.0\jackson-databind-2.13.0.jar;C:\Users\susha\.m2\repository\com\fasterxml\jackson\core\jackson-annotations\2.14.3\jackson-annotations-2.14.3.jar;C:\Users\susha\.m2\repository\com\fasterxml\jackson\core\jackson-core\2.14.3\jackson-core-2.14.3.jar;C:\Users\susha\.m2\repository\com\squareup\retrofit2\converter-gson\2.9.0\converter-gson-2.9.0.jar;C:\Users\susha\.m2\repository\com\squareup\retrofit2\retrofit\2.9.0\retrofit-2.9.0.jar;C:\Users\susha\.m2\repository\com\squareup\okhttp3\okhttp\4.10.0\okhttp-4.10.0.jar;C:\Users\susha\.m2\repository\com\squareup\okio\okio-jvm\3.0.0\okio-jvm-3.0.0.jar;C:\Users\susha\.m2\repository\org\jetbrains\kotlin\kotlin-stdlib-jdk8\1.7.22\kotlin-stdlib-jdk8-1.7.22.jar;C:\Users\susha\.m2\repository\org\jetbrains\kotlin\kotlin-stdlib-jdk7\1.7.22\kotlin-stdlib-jdk7-1.7.22.jar;C:\Users\susha\.m2\repository\org\jetbrains\kotlin\kotlin-stdlib-common\1.7.22\kotlin-stdlib-common-1.7.22.jar;C:\Users\susha\.m2\repository\org\jetbrains\kotlin\kotlin-stdlib\1.7.22\kotlin-stdlib-1.7.22.jar;C:\Users\susha\.m2\repository\org\jetbrains\annotations\13.0\annotations-13.0.jar;C:\Users\susha\.m2\repository\com\google\code\gson\gson\2.9.1\gson-2.9.1.jar;C:\Users\susha\.m2\repository\org\springframework\boot\spring-boot-starter-thymeleaf\3.0.7\spring-boot-starter-thymeleaf-3.0.7.jar;C:\Users\susha\.m2\repository\org\springframework\boot\spring-boot-starter\3.0.7\spring-boot-starter-3.0.7.jar;C:\Users\susha\.m2\repository\org\springframework\boot\spring-boot\3.0.7\spring-boot-3.0.7.jar;C:\Users\susha\.m2\repository\org\springframework\boot\spring-boot-autoconfigure\3.0.7\spring-boot-autoconfigure-3.0.7.jar;C:\Users\susha\.m2\repository\org\springframework\boot\spring-boot-starter-logging\3.0.7\spring-boot-starter-logging-3.0.7.jar;C:\Users\susha\.m2\repository\ch\qos\logback\logback-classic\1.4.7\logback-classic-1.4.7.jar;C:\Users\susha\.m2\repository\ch\qos\logback\logback-core\1.4.7\logback-core-1.4.7.jar;C:\Users\susha\.m2\repository\org\apache\logging\log4j\log4j-to-slf4j\2.19.0\log4j-to-slf4j-2.19.0.jar;C:\Users\susha\.m2\repository\org\apache\logging\log4j\log4j-api\2.19.0\log4j-api-2.19.0.jar;C:\Users\susha\.m2\repository\org\slf4j\jul-to-slf4j\2.0.7\jul-to-slf4j-2.0.7.jar;C:\Users\susha\.m2\repository\jakarta\annotation\jakarta.annotation-api\2.1.1\jakarta.annotation-api-2.1.1.jar;C:\Users\susha\.m2\repository\org\yaml\snakeyaml\1.33\snakeyaml-1.33.jar;C:\Users\susha\.m2\repository\org\thymeleaf\thymeleaf-spring6\3.1.1.RELEASE\thymeleaf-spring6-3.1.1.RELEASE.jar;C:\Users\susha\.m2\repository\org\thymeleaf\thymeleaf\3.1.1.RELEASE\thymeleaf-3.1.1.RELEASE.jar;C:\Users\susha\.m2\repository\org\attoparser\attoparser\2.0.6.RELEASE\attoparser-2.0.6.RELEASE.jar;C:\Users\susha\.m2\repository\org\unbescape\unbescape\1.1.6.RELEASE\unbescape-1.1.6.RELEASE.jar;C:\Users\susha\.m2\repository\org\slf4j\slf4j-api\2.0.7\slf4j-api-2.0.7.jar;C:\Users\susha\.m2\repository\org\springframework\boot\spring-boot-starter-web\3.1.0\spring-boot-starter-web-3.1.0.jar;C:\Users\susha\.m2\repository\org\springframework\boot\spring-boot-starter-json\3.0.7\spring-boot-starter-json-3.0.7.jar;C:\Users\susha\.m2\repository\com\fasterxml\jackson\datatype\jackson-datatype-jdk8\2.14.3\jackson-datatype-jdk8-2.14.3.jar;C:\Users\susha\.m2\repository\com\fasterxml\jackson\datatype\jackson-datatype-jsr310\2.14.3\jackson-datatype-jsr310-2.14.3.jar;C:\Users\susha\.m2\repository\com\fasterxml\jackson\module\jackson-module-parameter-names\2.14.3\jackson-module-parameter-names-2.14.3.jar;C:\Users\susha\.m2\repository\org\springframework\boot\spring-boot-starter-tomcat\3.0.7\spring-boot-starter-tomcat-3.0.7.jar;C:\Users\susha\.m2\repository\org\apache\tomcat\embed\tomcat-embed-core\10.1.8\tomcat-embed-core-10.1.8.jar;C:\Users\susha\.m2\repository\org\apache\tomcat\embed\tomcat-embed-el\10.1.8\tomcat-embed-el-10.1.8.jar;C:\Users\susha\.m2\repository\org\apache\tomcat\embed\tomcat-embed-websocket\10.1.8\tomcat-embed-websocket-10.1.8.jar;C:\Users\susha\.m2\repository\org\springframework\spring-web\6.0.9\spring-web-6.0.9.jar;C:\Users\susha\.m2\repository\org\springframework\spring-beans\6.0.9\spring-beans-6.0.9.jar;C:\Users\susha\.m2\repository\io\micrometer\micrometer-observation\1.10.7\micrometer-observation-1.10.7.jar;C:\Users\susha\.m2\repository\io\micrometer\micrometer-commons\1.10.7\micrometer-commons-1.10.7.jar;C:\Users\susha\.m2\repository\org\springframework\spring-webmvc\6.0.9\spring-webmvc-6.0.9.jar;C:\Users\susha\.m2\repository\org\springframework\spring-aop\6.0.9\spring-aop-6.0.9.jar;C:\Users\susha\.m2\repository\org\springframework\spring-context\6.0.9\spring-context-6.0.9.jar;C:\Users\susha\.m2\repository\org\springframework\spring-expression\6.0.9\spring-expression-6.0.9.jar;C:\Users\susha\.m2\repository\org\springframework\boot\spring-boot-starter-test\3.0.7\spring-boot-starter-test-3.0.7.jar;C:\Users\susha\.m2\repository\org\springframework\boot\spring-boot-test\3.0.7\spring-boot-test-3.0.7.jar;C:\Users\susha\.m2\repository\org\springframework\boot\spring-boot-test-autoconfigure\3.0.7\spring-boot-test-autoconfigure-3.0.7.jar;C:\Users\susha\.m2\repository\com\jayway\jsonpath\json-path\2.7.0\json-path-2.7.0.jar;C:\Users\susha\.m2\repository\net\minidev\json-smart\2.4.11\json-smart-2.4.11.jar;C:\Users\susha\.m2\repository\net\minidev\accessors-smart\2.4.11\accessors-smart-2.4.11.jar;C:\Users\susha\.m2\repository\org\ow2\asm\asm\9.3\asm-9.3.jar;C:\Users\susha\.m2\repository\jakarta\xml\bind\jakarta.xml.bind-api\4.0.0\jakarta.xml.bind-api-4.0.0.jar;C:\Users\susha\.m2\repository\jakarta\activation\jakarta.activation-api\2.1.2\jakarta.activation-api-2.1.2.jar;C:\Users\susha\.m2\repository\org\assertj\assertj-core\3.23.1\assertj-core-3.23.1.jar;C:\Users\susha\.m2\repository\net\bytebuddy\byte-buddy\1.12.23\byte-buddy-1.12.23.jar;C:\Users\susha\.m2\repository\org\hamcrest\hamcrest\2.2\hamcrest-2.2.jar;C:\Users\susha\.m2\repository\org\junit\jupiter\junit-jupiter\5.9.3\junit-jupiter-5.9.3.jar;C:\Users\susha\.m2\repository\org\junit\jupiter\junit-jupiter-api\5.9.3\junit-jupiter-api-5.9.3.jar;C:\Users\susha\.m2\repository\org\opentest4j\opentest4j\1.2.0\opentest4j-1.2.0.jar;C:\Users\susha\.m2\repository\org\junit\platform\junit-platform-commons\1.9.3\junit-platform-commons-1.9.3.jar;C:\Users\susha\.m2\repository\org\apiguardian\apiguardian-api\1.1.2\apiguardian-api-1.1.2.jar;C:\Users\susha\.m2\repository\org\junit\jupiter\junit-jupiter-params\5.9.3\junit-jupiter-params-5.9.3.jar;C:\Users\susha\.m2\repository\org\junit\jupiter\junit-jupiter-engine\5.9.3\junit-jupiter-engine-5.9.3.jar;C:\Users\susha\.m2\repository\org\junit\platform\junit-platform-engine\1.9.3\junit-platform-engine-1.9.3.jar;C:\Users\susha\.m2\repository\org\mockito\mockito-core\4.8.1\mockito-core-4.8.1.jar;C:\Users\susha\.m2\repository\net\bytebuddy\byte-buddy-agent\1.12.23\byte-buddy-agent-1.12.23.jar;C:\Users\susha\.m2\repository\org\objenesis\objenesis\3.2\objenesis-3.2.jar;C:\Users\susha\.m2\repository\org\mockito\mockito-junit-jupiter\4.8.1\mockito-junit-jupiter-4.8.1.jar;C:\Users\susha\.m2\repository\org\skyscreamer\jsonassert\1.5.1\jsonassert-1.5.1.jar;C:\Users\susha\.m2\repository\com\vaadin\external\google\android-json\0.0.20131108.vaadin1\android-json-0.0.20131108.vaadin1.jar;C:\Users\susha\.m2\repository\org\springframework\spring-core\6.0.9\spring-core-6.0.9.jar;C:\Users\susha\.m2\repository\org\springframework\spring-jcl\6.0.9\spring-jcl-6.0.9.jar;C:\Users\susha\.m2\repository\org\springframework\spring-test\6.0.9\spring-test-6.0.9.jar;C:\Users\susha\.m2\repository\org\xmlunit\xmlunit-core\2.9.1\xmlunit-core-2.9.1.jar;C:\Users\susha\.m2\repository\org\projectlombok\lombok\1.18.26\lombok-1.18.26.jar;C:\Users\susha\.m2\repository\net\sourceforge\htmlunit\htmlunit\2.65.1\htmlunit-2.65.1.jar;C:\Users\susha\.m2\repository\org\apache\httpcomponents\httpmime\4.5.14\httpmime-4.5.14.jar;C:\Users\susha\.m2\repository\org\apache\httpcomponents\httpclient\4.5.14\httpclient-4.5.14.jar;C:\Users\susha\.m2\repository\org\apache\httpcomponents\httpcore\4.4.16\httpcore-4.4.16.jar;C:\Users\susha\.m2\repository\net\sourceforge\htmlunit\htmlunit-core-js\2.65.0\htmlunit-core-js-2.65.0.jar;C:\Users\susha\.m2\repository\net\sourceforge\htmlunit\neko-htmlunit\2.65.0\neko-htmlunit-2.65.0.jar;C:\Users\susha\.m2\repository\xerces\xercesImpl\2.12.2\xercesImpl-2.12.2.jar;C:\Users\susha\.m2\repository\xml-apis\xml-apis\1.4.01\xml-apis-1.4.01.jar;C:\Users\susha\.m2\repository\net\sourceforge\htmlunit\htmlunit-cssparser\1.12.0\htmlunit-cssparser-1.12.0.jar;C:\Users\susha\.m2\repository\net\sourceforge\htmlunit\htmlunit-xpath\2.65.0\htmlunit-xpath-2.65.0.jar;C:\Users\susha\.m2\repository\org\apache\commons\commons-lang3\3.12.0\commons-lang3-3.12.0.jar;C:\Users\susha\.m2\repository\org\apache\commons\commons-text\1.9\commons-text-1.9.jar;C:\Users\susha\.m2\repository\commons-io\commons-io\2.10.0\commons-io-2.10.0.jar;C:\Users\susha\.m2\repository\commons-net\commons-net\3.8.0\commons-net-3.8.0.jar;C:\Users\susha\.m2\repository\commons-codec\commons-codec\1.15\commons-codec-1.15.jar;C:\Users\susha\.m2\repository\org\brotli\dec\0.1.2\dec-0.1.2.jar;C:\Users\susha\.m2\repository\com\shapesecurity\salvation2\3.0.1\salvation2-3.0.1.jar;C:\Users\susha\.m2\repository\org\eclipse\jetty\websocket\websocket-client\9.4.49.v20220914\websocket-client-9.4.49.v20220914.jar;C:\Users\susha\.m2\repository\org\eclipse\jetty\jetty-client\11.0.15\jetty-client-11.0.15.jar;C:\Users\susha\.m2\repository\org\eclipse\jetty\jetty-http\11.0.15\jetty-http-11.0.15.jar;C:\Users\susha\.m2\repository\org\eclipse\jetty\jetty-alpn-client\11.0.15\jetty-alpn-client-11.0.15.jar;C:\Users\susha\.m2\repository\org\eclipse\jetty\jetty-util\11.0.15\jetty-util-11.0.15.jar;C:\Users\susha\.m2\repository\org\eclipse\jetty\jetty-io\11.0.15\jetty-io-11.0.15.jar;C:\Users\susha\.m2\repository\org\eclipse\jetty\websocket\websocket-common\9.4.49.v20220914\websocket-common-9.4.49.v20220914.jar;C:\Users\susha\.m2\repository\org\eclipse\jetty\websocket\websocket-api\9.4.49.v20220914\websocket-api-9.4.49.v20220914.jar;"/>
    <property name="sun.cpu.endian" value="little"/>
    <property name="user.home" value="C:\Users\susha"/>
    <property name="user.language" value="en"/>
    <property name="java.specification.vendor" value="Oracle Corporation"/>
    <property name="java.version.date" value="2023-07-18"/>
    <property name="java.home" value="C:\Program Files\Java\jdk-17"/>
    <property name="file.separator" value="\"/>
    <property name="basedir" value="D:\Code\Project\SpringBoot\urlExtractor"/>
    <property name="java.vm.compressedOopsMode" value="Zero based"/>
    <property name="line.separator" value="&#10;"/>
    <property name="java.vm.specification.vendor" value="Oracle Corporation"/>
    <property name="java.specification.name" value="Java Platform API Specification"/>
    <property name="surefire.real.class.path" value="C:\Users\susha\AppData\Local\Temp\surefire1184519343449227457\surefirebooter2552989541469221224.jar"/>
    <property name="user.script" value=""/>
    <property name="sun.management.compiler" value="HotSpot 64-Bit Tiered Compilers"/>
    <property name="java.runtime.version" value="17.0.8+9-LTS-211"/>
    <property name="user.name" value="susha"/>
    <property name="path.separator" value=";"/>
    <property name="os.version" value="10.0"/>
    <property name="java.runtime.name" value="Java(TM) SE Runtime Environment"/>
    <property name="file.encoding" value="Cp1252"/>
    <property name="java.vm.name" value="Java HotSpot(TM) 64-Bit Server VM"/>
    <property name="localRepository" value="C:\Users\susha\.m2\repository"/>
    <property name="java.vendor.url.bug" value="https://bugreport.java.com/bugreport/"/>
    <property name="java.io.tmpdir" value="C:\Users\susha\AppData\Local\Temp\"/>
    <property name="idea.version" value="2023.2.2"/>
    <property name="java.version" value="17.0.8"/>
    <property name="user.dir" value="D:\Code\Project\SpringBoot\urlExtractor"/>
    <property name="os.arch" value="amd64"/>
    <property name="java.vm.specification.name" value="Java Virtual Machine Specification"/>
    <property name="sun.os.patch.level" value=""/>
    <property name="native.encoding" value="Cp1252"/>
    <property name="java.library.path" value="C:\Program Files\Java\jdk-17\bin;C:\WINDOWS\Sun\Java\bin;C:\WINDOWS\system32;C:\WINDOWS;C:\Program Files\Common Files\Oracle\Java\javapath;C:\WINDOWS\system32;C:\WINDOWS;C:\WINDOWS\System32\Wbem;C:\WINDOWS\System32\WindowsPowerShell\v1.0\;C:\WINDOWS\System32\OpenSSH\;C:\Program Files\NVIDIA Corporation\NVIDIA NvDLISR;C:\Program Files\Microsoft VS Code\bin;C:\Program Files\nodejs\;C:\Program Files (x86)\NVIDIA Corporation\PhysX\Common;C:\Program Files\AMD\AMDuProf\bin;C:\Program Files\Git\cmd;C:\Program Files\MySQL\MySQL Shell 8.0\bin\;C:\Users\susha\AppData\Local\Microsoft\WindowsApps;C:\Program Files\JetBrains\IntelliJ IDEA Community Edition 2023.2.2\bin;;C:\Users\susha\AppData\Roaming\npm;C:\Program Files\Java\jdk-17\bin;;."/>
    <property name="java.vm.info" value="mixed mode, sharing"/>
    <property name="java.vendor" value="Oracle Corporation"/>
    <property name="java.vm.version" value="17.0.8+9-LTS-211"/>
    <property name="sun.io.unicode.encoding" value="UnicodeLittle"/>
    <property name="java.class.version" value="61.0"/>
  </properties>
  <testcase name="contextLoads" classname="com.url.extractor.UrlExtractorApplicationTests" time="2.258"/>
</testsuite>